<?xml version="1.0" encoding="UTF-8"?>
<!-- Generated by org.testng.reporters.JUnitReportReporter -->
<testsuite hostname="DESKTOP-PLTO5KM" failures="0" tests="1" name="com.calidaddelsoftware.project.Test2" time="7.320" errors="0" timestamp="2022-08-08T00:51:58 CST" skipped="0">
  <testcase classname="com.calidaddelsoftware.project.Test2" name="SearchandEditCustomer" time="7.320"/>
  <system-out/>
</testsuite> <!-- com.calidaddelsoftware.project.Test2 -->
