<?xml version="1.0" encoding="UTF-8"?>
<!-- Generated by org.testng.reporters.JUnitReportReporter -->
<testsuite hostname="DESKTOP-HT67QNO" failures="0" tests="2" name="com.calidaddelsoftware.project.test3" time="28.268" errors="0" timestamp="2022-07-25T19:03:44 CST" skipped="0">
  <testcase classname="com.calidaddelsoftware.project.test3" name="Ptesting2" time="14.024"/>
  <system-out/>
  <testcase classname="com.calidaddelsoftware.project.test3" name="Ptesting1" time="14.244"/>
  <system-out/>
</testsuite> <!-- com.calidaddelsoftware.project.test3 -->
