<?xml version="1.0" encoding="UTF-8"?>
<!-- Generated by org.testng.reporters.JUnitReportReporter -->
<testsuite hostname="DESKTOP-PLTO5KM" failures="0" tests="2" name="com.calidaddelsoftware.project.test04" time="31.228" errors="0" timestamp="2022-07-26T17:10:10 CST" skipped="0">
  <testcase classname="com.calidaddelsoftware.project.test04" name="Test01ReportsProducstNeverPurchased" time="8.137"/>
  <system-out/>
  <testcase classname="com.calidaddelsoftware.project.test04" name="Test02ReportsProducstNeverPurchased" time="23.091"/>
  <system-out/>
</testsuite> <!-- com.calidaddelsoftware.project.test04 -->
