<?xml version="1.0" encoding="UTF-8"?>
<!-- Generated by org.testng.reporters.JUnitReportReporter -->
<testsuite hostname="DESKTOP-HT67QNO" failures="0" tests="2" name="com.calidaddelsoftware.project.test1Copiadeseguridad" time="3.421" errors="0" timestamp="2022-07-23T18:01:21 CST" skipped="0">
  <testcase classname="com.calidaddelsoftware.project.test1Copiadeseguridad" name="test2" time="0.006"/>
  <system-out/>
  <testcase classname="com.calidaddelsoftware.project.test1Copiadeseguridad" name="testagregarproducto" time="3.415"/>
  <system-out/>
</testsuite> <!-- com.calidaddelsoftware.project.test1Copiadeseguridad -->
