<?xml version="1.0" encoding="UTF-8"?>
<!-- Generated by org.testng.reporters.JUnitReportReporter -->
<testsuite hostname="DESKTOP-HT67QNO" failures="0" tests="2" name="com.calidaddelsoftware.project.test04" time="14.072" errors="0" timestamp="2022-07-26T17:38:22 CST" skipped="0">
  <testcase classname="com.calidaddelsoftware.project.test04" name="Test02ReportsProducstNeverPurchased" time="7.893"/>
  <system-out/>
  <testcase classname="com.calidaddelsoftware.project.test04" name="Test01ReportsProducstNeverPurchased" time="6.179"/>
  <system-out/>
</testsuite> <!-- com.calidaddelsoftware.project.test04 -->
